SF:lib\core\failures\general_failure.dart
DA:4,6
LF:1
LH:1
end_of_record
SF:lib\features\prayer_alarm\domain\usecases\check_cache.dart
DA:8,0
DA:9,0
DA:13,1
DA:15,1
DA:16,2
LF:5
LH:3
end_of_record
SF:lib\features\prayer_alarm\presentation\providers\check_cache_notifier.dart
DA:5,3
DA:6,0
DA:7,0
DA:8,0
LF:4
LH:1
end_of_record
SF:lib\core\failures\failure.dart
DA:3,3
LF:1
LH:1
end_of_record
SF:lib\core\local\pref_client.dart
DA:9,0
DA:12,0
DA:13,0
DA:16,0
DA:18,0
DA:22,0
DA:25,0
DA:27,0
DA:30,0
DA:32,0
LF:10
LH:0
end_of_record
SF:lib\features\prayer_alarm\data\datasources\prayers_times_cache_data_source.dart
DA:14,0
DA:15,0
DA:16,0
DA:21,0
DA:23,0
DA:25,0
DA:27,0
DA:32,0
DA:34,0
DA:37,0
DA:39,0
LF:11
LH:0
end_of_record
SF:lib\features\prayer_alarm\data\models\timings_model.dart
DA:37,0
DA:38,0
LF:2
LH:0
end_of_record
SF:lib\features\prayer_alarm\data\models\timings_model.g.dart
DA:9,0
DA:10,0
DA:11,0
DA:12,0
DA:13,0
DA:14,0
DA:15,0
DA:16,0
DA:17,0
DA:18,0
DA:19,0
DA:20,0
DA:21,0
DA:24,0
DA:25,0
DA:26,0
DA:27,0
DA:28,0
DA:29,0
DA:30,0
DA:31,0
DA:32,0
DA:33,0
DA:34,0
DA:35,0
DA:36,0
LF:26
LH:0
end_of_record
SF:lib\features\prayer_alarm\data\repositories\check_cache_repository.dart
DA:9,0
DA:10,0
DA:11,0
DA:15,0
DA:16,0
DA:19,0
DA:21,0
LF:7
LH:0
end_of_record
